<?xml version="1.0" encoding="UTF-8"?>
<!-- Generated by org.testng.reporters.JUnitReportReporter -->
<testsuite hostname="RAMESH-PC" name="SeleniumTest.LoginGmail.LoginPerfect" tests="1" failures="0" timestamp="17 Dec 2016 17:22:21 GMT" time="3.668" errors="0">
  <testcase name="f" time="3.668" classname="SeleniumTest.LoginGmail.LoginPerfect"/>
</testsuite> <!-- SeleniumTest.LoginGmail.LoginPerfect -->
